<?xml version="1.0" encoding="utf-8"?><testsuites name="pytest tests"><testsuite name="pytest" errors="0" failures="0" skipped="0" tests="8" time="0.704" timestamp="2026-04-29T01:03:15.390417+00:00" hostname="agent-env-1343e3a2-356a-4f82-aa94-f62c8e57cba7"><testcase classname="backend.tests.test_marlindas_api.TestHealth" name="test_health_ok" time="0.219" /><testcase classname="backend.tests.test_marlindas_api.TestHealth" name="test_root" time="0.061" /><testcase classname="backend.tests.test_marlindas_api.TestContact" name="test_create_contact_valid" time="0.064" /><testcase classname="backend.tests.test_marlindas_api.TestContact" name="test_create_contact_no_phone" time="0.065" /><testcase classname="backend.tests.test_marlindas_api.TestContact" name="test_create_contact_missing_name" time="0.053" /><testcase classname="backend.tests.test_marlindas_api.TestContact" name="test_create_contact_invalid_email" time="0.055" /><testcase classname="backend.tests.test_marlindas_api.TestContact" name="test_create_contact_missing_message" time="0.054" /><testcase classname="backend.tests.test_marlindas_api.TestContact" name="test_list_contacts" time="0.058" /></testsuite></testsuites>